2025-06-23 16:47:56,335 INFO 68915 [egg:logger] init all loggers with options: {"dir":"/Users/apple/Documents/other/ai-codereview/logs/ai-codereview","encoding":"utf8","env":"unittest","level":"INFO","consoleLevel":"WARN","disableConsoleAfterReady":false,"outputJSON":false,"buffer":false,"appLogName":"ai-codereview-web.log","coreLogName":"egg-web.log","agentLogName":"egg-agent.log","errorLogName":"common-error.log","coreLogger":{},"allowDebugAtProd":false,"enablePerformanceTimer":false,"enableFastContextLogger":false,"type":"application","localStorage":{"enabled":false}}
2025-06-23 16:47:56,335 INFO 68915 [egg-multipart] stream mode enable
2025-06-23 16:47:56,389 INFO 68915 [egg-static] starting static serve /public/ -> /Users/apple/Documents/other/ai-codereview/app/public
2025-06-23 16:47:56,390 INFO 68915 [egg-security] use methodnoallow middleware
2025-06-23 16:47:56,390 INFO 68915 [egg-security] use noopen middleware
2025-06-23 16:47:56,391 INFO 68915 [egg-security] use nosniff middleware
2025-06-23 16:47:56,391 INFO 68915 [egg-security] use xssProtection middleware
2025-06-23 16:47:56,392 INFO 68915 [egg-security] use xframe middleware
2025-06-23 16:47:56,392 INFO 68915 [egg-security] use dta middleware
2025-06-23 16:47:56,392 INFO 68915 [egg-security] compose 6 middlewares into one security middleware
2025-06-23 16:47:56,395 INFO 68915 [egg:core] dump config after load, 1ms
2025-06-23 16:47:56,401 INFO 68915 [egg-watcher:application] watcher start success
2025-06-23 16:47:56,402 INFO 68915 egg start timeline:
▇▇▇▇▇▇▇▇▇▇▇▇▇▇▇▇▇▇▇▇▇▇▇▇▇▇▇▇▇▇▇▇▇▇▇▇▇▇▇▇▇ [449ms] - #0 Process Start
                                         ▇▇▇▇▇▇▇▇ [97ms] - #1 Application Start
                                         ▇ [1ms] - #2 Load Plugin
                                         ▇ [2ms] - #3 Load Config
                                         ▇ [0ms] - #4 Require(0) config/config.default.js
                                         ▇ [0ms] - #5 Require(1) node_modules/egg-session/config/config.default.js
                                         ▇ [0ms] - #6 Require(2) node_modules/egg-security/config/config.default.js
                                         ▇ [0ms] - #7 Require(3) node_modules/egg-jsonp/config/config.default.js
                                         ▇ [0ms] - #8 Require(4) node_modules/egg-onerror/config/config.default.js
                                         ▇ [0ms] - #9 Require(5) node_modules/egg-i18n/config/config.default.js
                                         ▇ [0ms] - #10 Require(6) node_modules/egg-watcher/config/config.default.js
                                         ▇ [0ms] - #11 Require(7) node_modules/egg-schedule/config/config.default.js
                                         ▇ [0ms] - #12 Require(8) node_modules/egg-multipart/config/config.default.js
                                         ▇ [0ms] - #13 Require(9) node_modules/egg-logrotator/config/config.default.js
                                         ▇ [0ms] - #14 Require(10) node_modules/egg-static/config/config.default.js
                                         ▇ [0ms] - #15 Require(11) node_modules/egg-view/config/config.default.js
                                         ▇ [0ms] - #16 Require(12) node_modules/egg-cors/config/config.default.js
                                         ▇ [0ms] - #17 Require(13) node_modules/egg/config/config.default.js
                                         ▇ [0ms] - #18 Require(14) config/config.default.js
                                         ▇ [0ms] - #19 Require(15) node_modules/egg-watcher/config/config.unittest.js
                                         ▇ [0ms] - #20 Require(16) node_modules/egg/config/config.unittest.js
                                         ▇ [4ms] - #21 Load extend/application.js
                                         ▇ [0ms] - #22 Require(17) node_modules/egg-session/app/extend/application.js
                                         ▇ [0ms] - #23 Require(18) node_modules/egg-security/app/extend/application.js
                                         ▇ [1ms] - #24 Require(19) node_modules/egg-jsonp/app/extend/application.js
                                         ▇ [0ms] - #25 Require(20) node_modules/egg-schedule/app/extend/application.js
                                         ▇ [0ms] - #26 Require(21) node_modules/egg-logrotator/app/extend/application.js
                                         ▇ [1ms] - #27 Require(22) node_modules/egg-view/app/extend/application.js
                                         ▇ [1ms] - #28 Require(23) node_modules/egg-mock/app/extend/application.js
                                         ▇ [2ms] - #29 Load extend/request.js
                                         ▇ [0ms] - #30 Require(24) node_modules/egg/app/extend/request.js
                                         ▇ [1ms] - #31 Load extend/response.js
                                         ▇ [1ms] - #32 Require(25) node_modules/egg/app/extend/response.js
                                         ▇ [1ms] - #33 Load extend/context.js
                                         ▇ [0ms] - #34 Require(26) node_modules/egg-security/app/extend/context.js
                                         ▇ [0ms] - #35 Require(27) node_modules/egg-jsonp/app/extend/context.js
                                         ▇ [0ms] - #36 Require(28) node_modules/egg-i18n/app/extend/context.js
                                         ▇ [0ms] - #37 Require(29) node_modules/egg-multipart/app/extend/context.js
                                         ▇ [0ms] - #38 Require(30) node_modules/egg-view/app/extend/context.js
                                         ▇ [0ms] - #39 Require(31) node_modules/egg/app/extend/context.js
                                          ▇ [8ms] - #40 Load extend/helper.js
                                          ▇ [7ms] - #41 Require(32) node_modules/egg-security/app/extend/helper.js
                                          ▇ [0ms] - #42 Require(33) node_modules/egg/app/extend/helper.js
                                          ▇ [11ms] - #43 Load app.js
                                          ▇ [1ms] - #44 Require(34) node_modules/egg-session/app.js
                                          ▇ [0ms] - #45 Require(35) node_modules/egg-security/app.js
                                          ▇ [4ms] - #46 Require(36) node_modules/egg-onerror/app.js
                                           ▇ [4ms] - #47 Require(37) node_modules/egg-i18n/app.js
                                           ▇ [0ms] - #48 Require(38) node_modules/egg-watcher/app.js
                                           ▇ [1ms] - #49 Require(39) node_modules/egg-schedule/app.js
                                           ▇ [0ms] - #50 Require(40) node_modules/egg-multipart/app.js
                                           ▇ [0ms] - #51 Require(41) node_modules/egg-logrotator/app.js
                                           ▇ [0ms] - #52 Require(42) node_modules/egg-static/app.js
                                           ▇ [0ms] - #53 Require(43) node_modules/egg-cors/app.js
                                           ▇ [0ms] - #54 Require(44) node_modules/egg-mock/app.js
                                           ▇ [0ms] - #55 Require(45) app.js
                                            ▇▇▇▇▇ [64ms] - #56 Before Start in node_modules/egg-watcher/lib/init.js:15:14
                                            ▇▇▇▇▇ [56ms] - #57 Before Start in app.js:4:7
                                            ▇ [16ms] - #58 Load Service
                                            ▇ [16ms] - #59 Load "service" to Context
                                             ▇▇▇ [35ms] - #60 Load Middleware
                                             ▇▇ [31ms] - #61 Load "middlewares" to Application
                                                 ▇ [1ms] - #62 Load Controller
                                                 ▇ [1ms] - #63 Load "controller" to Application
                                                 ▇ [1ms] - #64 Load Router
                                                 ▇ [0ms] - #65 Require(46) app/router.js
                                                 ▇ [3ms] - #66 Before Start in node_modules/egg-core/lib/egg.js:328:10
2025-06-23 16:47:56,402 INFO 68915 [egg:core] dump config after ready, 1ms
